android/app/build/intermediates/manifest_merge_blame_file/release/processReleaseMainManifest/manifest-merger-blame-release-report.txt
1<?xml version="1.0" encoding="utf-8"?>
2<manifest xmlns:android="http://schemas.android.com/apk/res/android"
3    package="top.imsyy.splayer.android"
4    android:versionCode="30001"
5    android:versionName="3.0.0-rc.1" >
6
7    <uses-sdk
8        android:minSdkVersion="24"
9        android:targetSdkVersion="36" />
10
11    <uses-permission android:name="android.permission.INTERNET" />
11-->src\main\AndroidManifest.xml:2:3-65
11-->src\main\AndroidManifest.xml:2:20-62
12    <uses-permission android:name="android.permission.POST_NOTIFICATIONS" />
12-->src\main\AndroidManifest.xml:3:3-75
12-->src\main\AndroidManifest.xml:3:20-72
13    <uses-permission android:name="android.permission.WAKE_LOCK" />
13-->src\main\AndroidManifest.xml:4:3-66
13-->src\main\AndroidManifest.xml:4:20-63
14    <uses-permission android:name="android.permission.READ_MEDIA_AUDIO" />
14-->src\main\AndroidManifest.xml:5:3-73
14-->src\main\AndroidManifest.xml:5:20-70
15    <uses-permission
15-->src\main\AndroidManifest.xml:6:3-105
16        android:name="android.permission.READ_EXTERNAL_STORAGE"
16-->src\main\AndroidManifest.xml:6:20-75
17        android:maxSdkVersion="32" />
17-->src\main\AndroidManifest.xml:6:76-102
18    <uses-permission android:name="android.permission.FOREGROUND_SERVICE" />
18-->src\main\AndroidManifest.xml:7:3-75
18-->src\main\AndroidManifest.xml:7:20-72
19    <uses-permission android:name="android.permission.FOREGROUND_SERVICE_MEDIA_PLAYBACK" />
19-->src\main\AndroidManifest.xml:8:3-90
19-->src\main\AndroidManifest.xml:8:20-87
20    <uses-permission android:name="android.permission.REQUEST_IGNORE_BATTERY_OPTIMIZATIONS" />
20-->src\main\AndroidManifest.xml:9:3-93
20-->src\main\AndroidManifest.xml:9:20-90
21
22    <queries>
22-->src\main\AndroidManifest.xml:11:3-28:13
23        <package android:name="com.miui.securitycenter" />
23-->src\main\AndroidManifest.xml:12:5-55
23-->src\main\AndroidManifest.xml:12:14-52
24        <package android:name="com.miui.powerkeeper" />
24-->src\main\AndroidManifest.xml:13:5-52
24-->src\main\AndroidManifest.xml:13:14-49
25        <package android:name="com.huawei.systemmanager" />
25-->src\main\AndroidManifest.xml:14:5-56
25-->src\main\AndroidManifest.xml:14:14-53
26        <package android:name="com.hihonor.systemmanager" />
26-->src\main\AndroidManifest.xml:15:5-57
26-->src\main\AndroidManifest.xml:15:14-54
27        <package android:name="com.coloros.safecenter" />
27-->src\main\AndroidManifest.xml:16:5-54
27-->src\main\AndroidManifest.xml:16:14-51
28        <package android:name="com.coloros.oppoguardelf" />
28-->src\main\AndroidManifest.xml:17:5-56
28-->src\main\AndroidManifest.xml:17:14-53
29        <package android:name="com.oplus.safecenter" />
29-->src\main\AndroidManifest.xml:18:5-52
29-->src\main\AndroidManifest.xml:18:14-49
30        <package android:name="com.oplus.battery" />
30-->src\main\AndroidManifest.xml:19:5-49
30-->src\main\AndroidManifest.xml:19:14-46
31        <package android:name="com.vivo.permissionmanager" />
31-->src\main\AndroidManifest.xml:20:5-58
31-->src\main\AndroidManifest.xml:20:14-55
32        <package android:name="com.vivo.abe" />
32-->src\main\AndroidManifest.xml:21:5-44
32-->src\main\AndroidManifest.xml:21:14-41
33        <package android:name="com.iqoo.secure" />
33-->src\main\AndroidManifest.xml:22:5-47
33-->src\main\AndroidManifest.xml:22:14-44
34        <package android:name="com.meizu.safe" />
34-->src\main\AndroidManifest.xml:23:5-46
34-->src\main\AndroidManifest.xml:23:14-43
35        <package android:name="com.samsung.android.lool" />
35-->src\main\AndroidManifest.xml:24:5-56
35-->src\main\AndroidManifest.xml:24:14-53
36        <package android:name="com.samsung.android.sm_cn" />
36-->src\main\AndroidManifest.xml:25:5-57
36-->src\main\AndroidManifest.xml:25:14-54
37        <package android:name="com.samsung.android.sm" />
37-->src\main\AndroidManifest.xml:26:5-54
37-->src\main\AndroidManifest.xml:26:14-51
38        <package android:name="com.smartisanos.security" />
38-->src\main\AndroidManifest.xml:27:5-56
38-->src\main\AndroidManifest.xml:27:14-53
39    </queries>
40
41    <uses-permission android:name="android.permission.ACCESS_NETWORK_STATE" />
41-->[androidx.media3:media3-common:1.8.0] AndroidManifest.xml:22:5-79
41-->[androidx.media3:media3-common:1.8.0] AndroidManifest.xml:22:22-76
42
43    <permission
43-->[androidx.core:core:1.16.0] AndroidManifest.xml:22:5-24:47
44        android:name="top.imsyy.splayer.android.DYNAMIC_RECEIVER_NOT_EXPORTED_PERMISSION"
44-->[androidx.core:core:1.16.0] AndroidManifest.xml:23:9-81
45        android:protectionLevel="signature" />
45-->[androidx.core:core:1.16.0] AndroidManifest.xml:24:9-44
46
47    <uses-permission android:name="top.imsyy.splayer.android.DYNAMIC_RECEIVER_NOT_EXPORTED_PERMISSION" />
47-->[androidx.core:core:1.16.0] AndroidManifest.xml:26:5-97
47-->[androidx.core:core:1.16.0] AndroidManifest.xml:26:22-94
48
49    <application
49-->src\main\AndroidManifest.xml:30:3-57:17
50        android:allowBackup="true"
50-->src\main\AndroidManifest.xml:31:5-31
51        android:appComponentFactory="androidx.core.app.CoreComponentFactory"
51-->[androidx.core:core:1.16.0] AndroidManifest.xml:28:18-86
52        android:extractNativeLibs="false"
53        android:icon="@mipmap/ic_launcher"
53-->src\main\AndroidManifest.xml:32:5-39
54        android:label="@string/app_name"
54-->src\main\AndroidManifest.xml:34:5-37
55        android:roundIcon="@mipmap/ic_launcher_round"
55-->src\main\AndroidManifest.xml:33:5-50
56        android:supportsRtl="true"
56-->src\main\AndroidManifest.xml:35:5-31
57        android:theme="@style/Theme.SPlayer.Android"
57-->src\main\AndroidManifest.xml:36:5-49
58        android:usesCleartextTraffic="true" >
58-->src\main\AndroidManifest.xml:37:5-40
59        <activity
59-->src\main\AndroidManifest.xml:38:5-47:16
60            android:name="top.imsyy.splayer.android.MainActivity"
60-->src\main\AndroidManifest.xml:39:7-35
61            android:configChanges="keyboard|keyboardHidden|navigation|orientation|screenLayout|screenSize|smallestScreenSize|uiMode"
61-->src\main\AndroidManifest.xml:40:7-127
62            android:exported="true"
62-->src\main\AndroidManifest.xml:41:7-30
63            android:launchMode="singleTask" >
63-->src\main\AndroidManifest.xml:42:7-38
64            <intent-filter>
64-->src\main\AndroidManifest.xml:43:7-46:23
65                <action android:name="android.intent.action.MAIN" />
65-->src\main\AndroidManifest.xml:44:9-61
65-->src\main\AndroidManifest.xml:44:17-58
66
67                <category android:name="android.intent.category.LAUNCHER" />
67-->src\main\AndroidManifest.xml:45:9-69
67-->src\main\AndroidManifest.xml:45:19-66
68            </intent-filter>
69        </activity>
70
71        <service
71-->src\main\AndroidManifest.xml:49:5-56:15
72            android:name="top.imsyy.splayer.android.player.PlaybackService"
72-->src\main\AndroidManifest.xml:50:7-45
73            android:exported="false"
73-->src\main\AndroidManifest.xml:51:7-31
74            android:foregroundServiceType="mediaPlayback" >
74-->src\main\AndroidManifest.xml:52:7-52
75            <intent-filter>
75-->src\main\AndroidManifest.xml:53:7-55:23
76                <action android:name="androidx.media3.session.MediaSessionService" />
76-->src\main\AndroidManifest.xml:54:9-78
76-->src\main\AndroidManifest.xml:54:17-75
77            </intent-filter>
78        </service>
79
80        <provider
80-->[androidx.emoji2:emoji2:1.3.0] AndroidManifest.xml:24:9-32:20
81            android:name="androidx.startup.InitializationProvider"
81-->[androidx.emoji2:emoji2:1.3.0] AndroidManifest.xml:25:13-67
82            android:authorities="top.imsyy.splayer.android.androidx-startup"
82-->[androidx.emoji2:emoji2:1.3.0] AndroidManifest.xml:26:13-68
83            android:exported="false" >
83-->[androidx.emoji2:emoji2:1.3.0] AndroidManifest.xml:27:13-37
84            <meta-data
84-->[androidx.emoji2:emoji2:1.3.0] AndroidManifest.xml:29:13-31:52
85                android:name="androidx.emoji2.text.EmojiCompatInitializer"
85-->[androidx.emoji2:emoji2:1.3.0] AndroidManifest.xml:30:17-75
86                android:value="androidx.startup" />
86-->[androidx.emoji2:emoji2:1.3.0] AndroidManifest.xml:31:17-49
87            <meta-data
87-->[androidx.lifecycle:lifecycle-process:2.6.2] AndroidManifest.xml:29:13-31:52
88                android:name="androidx.lifecycle.ProcessLifecycleInitializer"
88-->[androidx.lifecycle:lifecycle-process:2.6.2] AndroidManifest.xml:30:17-78
89                android:value="androidx.startup" />
89-->[androidx.lifecycle:lifecycle-process:2.6.2] AndroidManifest.xml:31:17-49
90            <meta-data
90-->[androidx.profileinstaller:profileinstaller:1.4.0] AndroidManifest.xml:29:13-31:52
91                android:name="androidx.profileinstaller.ProfileInstallerInitializer"
91-->[androidx.profileinstaller:profileinstaller:1.4.0] AndroidManifest.xml:30:17-85
92                android:value="androidx.startup" />
92-->[androidx.profileinstaller:profileinstaller:1.4.0] AndroidManifest.xml:31:17-49
93        </provider>
94
95        <receiver
95-->[androidx.profileinstaller:profileinstaller:1.4.0] AndroidManifest.xml:34:9-52:20
96            android:name="androidx.profileinstaller.ProfileInstallReceiver"
96-->[androidx.profileinstaller:profileinstaller:1.4.0] AndroidManifest.xml:35:13-76
97            android:directBootAware="false"
97-->[androidx.profileinstaller:profileinstaller:1.4.0] AndroidManifest.xml:36:13-44
98            android:enabled="true"
98-->[androidx.profileinstaller:profileinstaller:1.4.0] AndroidManifest.xml:37:13-35
99            android:exported="true"
99-->[androidx.profileinstaller:profileinstaller:1.4.0] AndroidManifest.xml:38:13-36
100            android:permission="android.permission.DUMP" >
100-->[androidx.profileinstaller:profileinstaller:1.4.0] AndroidManifest.xml:39:13-57
101            <intent-filter>
101-->[androidx.profileinstaller:profileinstaller:1.4.0] AndroidManifest.xml:40:13-42:29
102                <action android:name="androidx.profileinstaller.action.INSTALL_PROFILE" />
102-->[androidx.profileinstaller:profileinstaller:1.4.0] AndroidManifest.xml:41:17-91
102-->[androidx.profileinstaller:profileinstaller:1.4.0] AndroidManifest.xml:41:25-88
103            </intent-filter>
104            <intent-filter>
104-->[androidx.profileinstaller:profileinstaller:1.4.0] AndroidManifest.xml:43:13-45:29
105                <action android:name="androidx.profileinstaller.action.SKIP_FILE" />
105-->[androidx.profileinstaller:profileinstaller:1.4.0] AndroidManifest.xml:44:17-85
105-->[androidx.profileinstaller:profileinstaller:1.4.0] AndroidManifest.xml:44:25-82
106            </intent-filter>
107            <intent-filter>
107-->[androidx.profileinstaller:profileinstaller:1.4.0] AndroidManifest.xml:46:13-48:29
108                <action android:name="androidx.profileinstaller.action.SAVE_PROFILE" />
108-->[androidx.profileinstaller:profileinstaller:1.4.0] AndroidManifest.xml:47:17-88
108-->[androidx.profileinstaller:profileinstaller:1.4.0] AndroidManifest.xml:47:25-85
109            </intent-filter>
110            <intent-filter>
110-->[androidx.profileinstaller:profileinstaller:1.4.0] AndroidManifest.xml:49:13-51:29
111                <action android:name="androidx.profileinstaller.action.BENCHMARK_OPERATION" />
111-->[androidx.profileinstaller:profileinstaller:1.4.0] AndroidManifest.xml:50:17-95
111-->[androidx.profileinstaller:profileinstaller:1.4.0] AndroidManifest.xml:50:25-92
112            </intent-filter>
113        </receiver>
114    </application>
115
116</manifest>